Exporter version: 5.6.4, Blender version: 2.79 (sub 0)
========= Conversion from Blender to Babylon.js =========
	Scene settings used :
		export scope        :  ALL
		inline textures     :  false
		Positions Precision :  4
		Normals Precision   :  3
		UVs Precision       :  3
		Vert Color Precision:  3
		Mat Weight Precision:  2
		texture directory   :  /home/mattia/WebstormProjects/Interactive/images/textures/
	Python World class constructor completed
	processing begun of mesh:  Key_01_polySurface1
		processing begun of Standard material:  Metal
		num positions      :  2027
		num normals        :  2027
		num uvs            :  4054
		num uvs2           :  0
		num colors         :  0
		num indices        :  6318
	processing begun of camera (UniversalCamera):  Camera
	processing begun of light (POINT):  Lamp
========= Writing of scene file started =========
========= Writing of scene file completed =========
========= end of processing =========
elapsed time:  0 min, 0.1312 secs
